Time periods to process
Computed valid time 2004-02-29_03:00:00.
Computed valid time 2004-02-29_06:00:00.
Computed valid time 2004-02-29_09:00:00.
Computed valid time 2004-02-29_12:00:00.
Computed valid time 2004-02-29_15:00:00.
Computed valid time 2004-02-29_18:00:00.
Computed valid time 2004-02-29_21:00:00.
Computed valid time 2004-03-01_00:00:00.  This is the ending time.
Opened sigma level data for input.
Opened MMOUTP file for output.
Opened REGRID file for output.
Found the approximate end of the time period that we want.
Requested date = 2004-02-29_03:00:00.
Data date      = 2004-02-29_03:00:16.
Opened file FILE_MMOUTP:2004-02-29_03 for intermediate format output.
Found the approximate end of the time period that we want.
Requested date = 2004-02-29_06:00:00.
Data date      = 2004-02-29_06:00:32.
Opened file FILE_MMOUTP:2004-02-29_06 for intermediate format output.
Found the approximate end of the time period that we want.
Requested date = 2004-02-29_09:00:00.
Data date      = 2004-02-29_08:59:44.
Opened file FILE_MMOUTP:2004-02-29_09 for intermediate format output.
Found the end of the time period that we want: 2004-02-29_12:00:00.
Opened file FILE_MMOUTP:2004-02-29_12 for intermediate format output.
Found the approximate end of the time period that we want.
Requested date = 2004-02-29_15:00:00.
Data date      = 2004-02-29_15:00:16.
Opened file FILE_MMOUTP:2004-02-29_15 for intermediate format output.
Found the approximate end of the time period that we want.
Requested date = 2004-02-29_18:00:00.
Data date      = 2004-02-29_17:59:28.
Opened file FILE_MMOUTP:2004-02-29_18 for intermediate format output.
Found the approximate end of the time period that we want.
Requested date = 2004-02-29_21:00:00.
Data date      = 2004-02-29_20:59:44.
Opened file FILE_MMOUTP:2004-02-29_21 for intermediate format output.
Found the end of the time period that we want: 2004-03-01_00:00:00.
Opened file FILE_MMOUTP:2004-03-01_00 for intermediate format output.
Completed all requested dates.  Exiting program.
Successful completion 99999
